[NX v21.6.3 Daemon Server] - 2025-10-08T13:36:48.230Z - Started listening on: /private/var/folders/ls/m4xh_nm91fsg0fc91ptgdb6r0000gp/T/7a97d46b678c652c75d7/d.sock
[NX v21.6.3 Daemon Server] - 2025-10-08T13:36:48.233Z - [WATCHER]: Subscribed to changes within: /Users/jphiri/Documents/shuajay/youth/youth-reg-portal (native)
[NX v21.6.3 Daemon Server] - 2025-10-08T13:36:48.234Z - Established a connection. Number of open connections: 1
[NX v21.6.3 Daemon Server] - 2025-10-08T13:36:48.235Z - Closed a connection. Number of open connections: 0
[NX v21.6.3 Daemon Server] - 2025-10-08T13:36:48.247Z - Established a connection. Number of open connections: 1
[NX v21.6.3 Daemon Server] - 2025-10-08T13:36:48.248Z - Closed a connection. Number of open connections: 0
[NX v21.6.3 Daemon Server] - 2025-10-08T13:36:48.248Z - Established a connection. Number of open connections: 1
[NX v21.6.3 Daemon Server] - 2025-10-08T13:36:48.249Z - [REQUEST]: Client Request for Project Graph Received
[NX v21.6.3 Daemon Server] - 2025-10-08T13:36:48.251Z - Time taken for 'loadSpecifiedNxPlugins' 0.4791659999999922ms
[NX v21.6.3 Daemon Server] - 2025-10-08T13:36:48.265Z - Established a connection. Number of open connections: 2
[NX v21.6.3 Daemon Server] - 2025-10-08T13:36:48.266Z - Closed a connection. Number of open connections: 1
Time for 'plugin worker 10853 code loading' 1.9586250000000014
Time for 'plugin worker 10854 code loading' 1.9602079999999997
Time for 'plugin worker 10855 code loading' 1.934208
[NX v21.6.3 Daemon Server] - 2025-10-08T13:36:48.294Z - [WATCHER]: Processing file changes in outputs
[NX v21.6.3 Daemon Server] - 2025-10-08T13:36:48.324Z - Time taken for 'Load Nx Plugin: /Users/jphiri/Documents/shuajay/youth/youth-reg-portal/node_modules/nx/src/plugins/project-json/build-nodes/project-json' 74.27808300000001ms
[NX v21.6.3 Daemon Server] - 2025-10-08T13:36:48.324Z - Time taken for 'Load Nx Plugin: /Users/jphiri/Documents/shuajay/youth/youth-reg-portal/node_modules/nx/src/plugins/package-json' 74.486875ms
[NX v21.6.3 Daemon Server] - 2025-10-08T13:36:48.336Z - [REQUEST]: Updated workspace context based on watched changes, recomputing project graph...
[NX v21.6.3 Daemon Server] - 2025-10-08T13:36:48.336Z - [REQUEST]: 
[NX v21.6.3 Daemon Server] - 2025-10-08T13:36:48.336Z - [REQUEST]: 
[NX v21.6.3 Daemon Server] - 2025-10-08T13:36:48.336Z - No files changed, but no in-memory cached project graph found. Recomputing it...
[NX v21.6.3 Daemon Server] - 2025-10-08T13:36:48.338Z - Time taken for 'loadDefaultNxPlugins' 85.82845899999998ms
Time for 'nx/core/project-json:createNodes' 0.2115829999999903
Time for 'nx/core/package-json:createNodes' 0.7224590000000006
Time for 'nx/js/dependencies-and-lockfile:createNodes' 5.767832999999996
[NX v21.6.3 Daemon Server] - 2025-10-08T13:36:48.362Z - Time taken for 'build-project-configs' 15.813041999999996ms
Time for 'build typescript dependencies' 17.62183299999998
[NX v21.6.3 Daemon Server] - 2025-10-08T13:36:48.412Z - Wrote project graph cache to /Users/jphiri/Documents/shuajay/youth/youth-reg-portal/.nx/workspace-data/project-graph.json
[NX v21.6.3 Daemon Server] - 2025-10-08T13:36:48.412Z - [SYNC]: collect registered sync generators
[NX v21.6.3 Daemon Server] - 2025-10-08T13:36:48.412Z - [REQUEST]: Responding to the client. project-graph
[NX v21.6.3 Daemon Server] - 2025-10-08T13:36:48.412Z - Time taken for 'total for creating and serializing project graph' 163.171625ms
[NX v21.6.3 Daemon Server] - 2025-10-08T13:36:48.413Z - Done responding to the client project-graph
[NX v21.6.3 Daemon Server] - 2025-10-08T13:36:48.413Z - Handled REQUEST_PROJECT_GRAPH. Handling time: 163. Response time: 1.
[NX v21.6.3 Daemon Server] - 2025-10-08T13:36:48.415Z - [REQUEST]: Client Request for Project Graph Received
[NX v21.6.3 Daemon Server] - 2025-10-08T13:36:48.416Z - Reusing in-memory cached project graph because no files changed.
[NX v21.6.3 Daemon Server] - 2025-10-08T13:36:48.416Z - [REQUEST]: Responding to the client. project-graph
[NX v21.6.3 Daemon Server] - 2025-10-08T13:36:48.416Z - Time taken for 'total for creating and serializing project graph' 0.13270799999997962ms
[NX v21.6.3 Daemon Server] - 2025-10-08T13:36:48.417Z - Done responding to the client project-graph
[NX v21.6.3 Daemon Server] - 2025-10-08T13:36:48.417Z - Handled REQUEST_PROJECT_GRAPH. Handling time: 1. Response time: 1.
[NX v21.6.3 Daemon Server] - 2025-10-08T13:36:48.419Z - [REQUEST]: Responding to the client. handleContextFileData
[NX v21.6.3 Daemon Server] - 2025-10-08T13:36:48.419Z - Done responding to the client handleContextFileData
[NX v21.6.3 Daemon Server] - 2025-10-08T13:36:48.419Z - Handled GET_CONTEXT_FILE_DATA. Handling time: 0. Response time: 0.
[NX v21.6.3 Daemon Server] - 2025-10-08T13:36:48.420Z - [REQUEST]: Responding to the client. handleContextFileData
Error: write EPIPE
    at afterWriteDispatched (node:internal/stream_base_commons:159:15)
    at writeGeneric (node:internal/stream_base_commons:150:3)
    at Socket._writeGeneric (node:net:966:11)
    at Socket._write (node:net:978:8)
    at writeOrBuffer (node:internal/streams/writable:572:12)
    at _write (node:internal/streams/writable:501:10)
    at Writable.write (node:internal/streams/writable:510:10)
    at /Users/jphiri/Documents/shuajay/youth/youth-reg-portal/node_modules/nx/src/daemon/server/shutdown-utils.js:73:16
    at new Promise (<anonymous>)
    at respondToClient (/Users/jphiri/Documents/shuajay/youth/youth-reg-portal/node_modules/nx/src/daemon/server/shutdown-utils.js:69:12) {
  errno: -32,
  code: 'EPIPE',
  syscall: 'write'
}
[NX v21.6.3 Daemon Server] - 2025-10-08T13:36:48.420Z - Done responding to the client handleContextFileData
[NX v21.6.3 Daemon Server] - 2025-10-08T13:36:48.420Z - Socket error
Error: write EPIPE
    at afterWriteDispatched (node:internal/stream_base_commons:159:15)
    at writeGeneric (node:internal/stream_base_commons:150:3)
    at Socket._writeGeneric (node:net:966:11)
    at Socket._write (node:net:978:8)
    at writeOrBuffer (node:internal/streams/writable:572:12)
    at _write (node:internal/streams/writable:501:10)
    at Writable.write (node:internal/streams/writable:510:10)
    at /Users/jphiri/Documents/shuajay/youth/youth-reg-portal/node_modules/nx/src/daemon/server/shutdown-utils.js:73:16
    at new Promise (<anonymous>)
    at respondToClient (/Users/jphiri/Documents/shuajay/youth/youth-reg-portal/node_modules/nx/src/daemon/server/shutdown-utils.js:69:12) {
  errno: -32,
  code: 'EPIPE',
  syscall: 'write'
}
[NX v21.6.3 Daemon Server] - 2025-10-08T13:36:48.420Z - Handled GET_CONTEXT_FILE_DATA. Handling time: 1. Response time: 0.
[NX v21.6.3 Daemon Server] - 2025-10-08T13:36:48.420Z - Closed a connection. Number of open connections: 0
[NX v21.6.3 Daemon Server] - 2025-10-08T13:36:48.742Z - Established a connection. Number of open connections: 1
[NX v21.6.3 Daemon Server] - 2025-10-08T13:36:48.742Z - Established a connection. Number of open connections: 2
[NX v21.6.3 Daemon Server] - 2025-10-08T13:36:48.742Z - Closed a connection. Number of open connections: 1
[NX v21.6.3 Daemon Server] - 2025-10-08T13:36:48.742Z - Established a connection. Number of open connections: 2
[NX v21.6.3 Daemon Server] - 2025-10-08T13:36:48.743Z - Closed a connection. Number of open connections: 1
[NX v21.6.3 Daemon Server] - 2025-10-08T13:36:48.743Z - [REQUEST]: Client Request for Project Graph Received
[NX v21.6.3 Daemon Server] - 2025-10-08T13:36:48.743Z - Reusing in-memory cached project graph because no files changed.
[NX v21.6.3 Daemon Server] - 2025-10-08T13:36:48.743Z - [REQUEST]: Responding to the client. project-graph
[NX v21.6.3 Daemon Server] - 2025-10-08T13:36:48.743Z - Time taken for 'total for creating and serializing project graph' 0.0907919999999649ms
[NX v21.6.3 Daemon Server] - 2025-10-08T13:36:48.744Z - Done responding to the client project-graph
[NX v21.6.3 Daemon Server] - 2025-10-08T13:36:48.744Z - Handled REQUEST_PROJECT_GRAPH. Handling time: 0. Response time: 1.
[NX v21.6.3 Daemon Server] - 2025-10-08T13:36:48.746Z - [REQUEST]: Client Request for Project Graph Received
[NX v21.6.3 Daemon Server] - 2025-10-08T13:36:48.746Z - Reusing in-memory cached project graph because no files changed.
[NX v21.6.3 Daemon Server] - 2025-10-08T13:36:48.746Z - [REQUEST]: Responding to the client. project-graph
[NX v21.6.3 Daemon Server] - 2025-10-08T13:36:48.746Z - Time taken for 'total for creating and serializing project graph' 0.1250840000000153ms
[NX v21.6.3 Daemon Server] - 2025-10-08T13:36:48.747Z - Done responding to the client project-graph
[NX v21.6.3 Daemon Server] - 2025-10-08T13:36:48.747Z - Handled REQUEST_PROJECT_GRAPH. Handling time: 0. Response time: 1.
[NX v21.6.3 Daemon Server] - 2025-10-08T13:36:48.748Z - Established a connection. Number of open connections: 2
[NX v21.6.3 Daemon Server] - 2025-10-08T13:36:49.252Z - Established a connection. Number of open connections: 3
[NX v21.6.3 Daemon Server] - 2025-10-08T13:36:49.254Z - [REQUEST]: Client Request for Project Graph Received
[NX v21.6.3 Daemon Server] - 2025-10-08T13:36:49.254Z - Reusing in-memory cached project graph because no files changed.
[NX v21.6.3 Daemon Server] - 2025-10-08T13:36:49.254Z - [REQUEST]: Responding to the client. project-graph
[NX v21.6.3 Daemon Server] - 2025-10-08T13:36:49.257Z - Time taken for 'total for creating and serializing project graph' 0.35683300000005147ms
[NX v21.6.3 Daemon Server] - 2025-10-08T13:36:49.257Z - Closed a connection. Number of open connections: 2
[NX v21.6.3 Daemon Server] - 2025-10-08T13:36:49.258Z - Done responding to the client project-graph
[NX v21.6.3 Daemon Server] - 2025-10-08T13:36:49.258Z - Handled REQUEST_PROJECT_GRAPH. Handling time: 0. Response time: 4.
[NX v21.6.3 Daemon Server] - 2025-10-08T13:36:49.260Z - [REQUEST]: Responding to the client. handleContextFileData
[NX v21.6.3 Daemon Server] - 2025-10-08T13:36:49.260Z - Done responding to the client handleContextFileData
[NX v21.6.3 Daemon Server] - 2025-10-08T13:36:49.260Z - Handled GET_CONTEXT_FILE_DATA. Handling time: 0. Response time: 0.
[NX v21.6.3 Daemon Server] - 2025-10-08T13:36:49.261Z - Closed a connection. Number of open connections: 1
[NX v21.6.3 Daemon Server] - 2025-10-08T13:36:49.559Z - Closed a connection. Number of open connections: 0
[NX v21.6.3 Daemon Server] - 2025-10-08T13:36:49.560Z - Established a connection. Number of open connections: 1
[NX v21.6.3 Daemon Server] - 2025-10-08T13:36:49.560Z - Closed a connection. Number of open connections: 0
[NX v21.6.3 Daemon Server] - 2025-10-08T13:36:49.560Z - Established a connection. Number of open connections: 1
[NX v21.6.3 Daemon Server] - 2025-10-08T13:36:49.560Z - Established a connection. Number of open connections: 2
[NX v21.6.3 Daemon Server] - 2025-10-08T13:36:49.560Z - Closed a connection. Number of open connections: 1
[NX v21.6.3 Daemon Server] - 2025-10-08T13:36:49.560Z - [REQUEST]: Client Request for Project Graph Received
[NX v21.6.3 Daemon Server] - 2025-10-08T13:36:49.560Z - Reusing in-memory cached project graph because no files changed.
[NX v21.6.3 Daemon Server] - 2025-10-08T13:36:49.560Z - [REQUEST]: Responding to the client. project-graph
[NX v21.6.3 Daemon Server] - 2025-10-08T13:36:49.561Z - Time taken for 'total for creating and serializing project graph' 0.13433400000008078ms
[NX v21.6.3 Daemon Server] - 2025-10-08T13:36:49.562Z - Done responding to the client project-graph
[NX v21.6.3 Daemon Server] - 2025-10-08T13:36:49.562Z - Handled REQUEST_PROJECT_GRAPH. Handling time: 0. Response time: 2.
[NX v21.6.3 Daemon Server] - 2025-10-08T13:36:49.563Z - [REQUEST]: Client Request for Project Graph Received
[NX v21.6.3 Daemon Server] - 2025-10-08T13:36:49.563Z - Reusing in-memory cached project graph because no files changed.
[NX v21.6.3 Daemon Server] - 2025-10-08T13:36:49.563Z - [REQUEST]: Responding to the client. project-graph
[NX v21.6.3 Daemon Server] - 2025-10-08T13:36:49.564Z - Time taken for 'total for creating and serializing project graph' 0.11958300000014788ms
[NX v21.6.3 Daemon Server] - 2025-10-08T13:36:49.564Z - Done responding to the client project-graph
[NX v21.6.3 Daemon Server] - 2025-10-08T13:36:49.564Z - Handled REQUEST_PROJECT_GRAPH. Handling time: 0. Response time: 1.
[NX v21.6.3 Daemon Server] - 2025-10-08T13:36:49.566Z - Established a connection. Number of open connections: 2
[NX v21.6.3 Daemon Server] - 2025-10-08T13:40:22.808Z - [WATCHER]: Processing file changes in outputs
[NX v21.6.3 Daemon Server] - 2025-10-08T13:40:22.809Z - Closed a connection. Number of open connections: 1
[NX v21.6.3 Daemon Server] - 2025-10-08T13:40:22.809Z - Closed a connection. Number of open connections: 0
[NX v21.6.3 Daemon Server] - 2025-10-08T13:40:22.809Z - [WATCHER]: Stopping the watcher for /Users/jphiri/Documents/shuajay/youth/youth-reg-portal (sources)
[NX v21.6.3 Daemon Server] - 2025-10-08T13:40:22.809Z - [WATCHER]: Stopping the watcher for /Users/jphiri/Documents/shuajay/youth/youth-reg-portal (outputs)
[NX v21.6.3 Daemon Server] - 2025-10-08T13:40:22.809Z - Server stopped because: "LOCK_FILES_CHANGED"
[NX v21.6.3 Daemon Server] - 2025-10-08T13:46:52.102Z - Started listening on: /private/var/folders/ls/m4xh_nm91fsg0fc91ptgdb6r0000gp/T/7a97d46b678c652c75d7/d.sock
[NX v21.6.3 Daemon Server] - 2025-10-08T13:46:52.104Z - [WATCHER]: Subscribed to changes within: /Users/jphiri/Documents/shuajay/youth/youth-reg-portal (native)
[NX v21.6.3 Daemon Server] - 2025-10-08T13:46:52.105Z - Established a connection. Number of open connections: 1
[NX v21.6.3 Daemon Server] - 2025-10-08T13:46:52.105Z - Closed a connection. Number of open connections: 0
[NX v21.6.3 Daemon Server] - 2025-10-08T13:46:52.111Z - Established a connection. Number of open connections: 1
[NX v21.6.3 Daemon Server] - 2025-10-08T13:46:52.112Z - Established a connection. Number of open connections: 2
[NX v21.6.3 Daemon Server] - 2025-10-08T13:46:52.112Z - Closed a connection. Number of open connections: 1
[NX v21.6.3 Daemon Server] - 2025-10-08T13:46:52.112Z - [REQUEST]: Client Request for Project Graph Received
[NX v21.6.3 Daemon Server] - 2025-10-08T13:46:52.116Z - Time taken for 'loadSpecifiedNxPlugins' 1.339334000000008ms
Time for 'plugin worker 13058 code loading' 1.9675830000000012
Time for 'plugin worker 13059 code loading' 1.9610000000000003
Time for 'plugin worker 13057 code loading' 1.8822089999999996
Time for 'plugin worker 13056 code loading' 1.856167000000001
[NX v21.6.3 Daemon Server] - 2025-10-08T13:46:52.165Z - [WATCHER]: Processing file changes in outputs
[NX v21.6.3 Daemon Server] - 2025-10-08T13:46:52.189Z - Time taken for 'Load Nx Plugin: /Users/jphiri/Documents/shuajay/youth/youth-reg-portal/node_modules/nx/src/adapter/angular-json' 75.256ms
[NX v21.6.3 Daemon Server] - 2025-10-08T13:46:52.211Z - Time taken for 'Load Nx Plugin: /Users/jphiri/Documents/shuajay/youth/youth-reg-portal/node_modules/nx/src/plugins/package-json' 96.92425ms
[NX v21.6.3 Daemon Server] - 2025-10-08T13:46:52.215Z - Time taken for 'Load Nx Plugin: /Users/jphiri/Documents/shuajay/youth/youth-reg-portal/node_modules/nx/src/plugins/project-json/build-nodes/project-json' 100.71508299999999ms
[NX v21.6.3 Daemon Server] - 2025-10-08T13:46:52.237Z - [REQUEST]: Updated workspace context based on watched changes, recomputing project graph...
[NX v21.6.3 Daemon Server] - 2025-10-08T13:46:52.237Z - [REQUEST]: 
[NX v21.6.3 Daemon Server] - 2025-10-08T13:46:52.237Z - [REQUEST]: 
[NX v21.6.3 Daemon Server] - 2025-10-08T13:46:52.239Z - No files changed, but no in-memory cached project graph found. Recomputing it...
[NX v21.6.3 Daemon Server] - 2025-10-08T13:46:52.241Z - Time taken for 'loadDefaultNxPlugins' 123.97620800000001ms
Time for 'nx-angular-json-plugin:createNodes' 0.6397910000000024
Time for 'nx/core/project-json:createNodes' 0.4482500000000016
Time for 'nx/core/package-json:createNodes' 1.7562499999999943
Time for 'nx/js/dependencies-and-lockfile:createNodes' 8.675832999999997
[NX v21.6.3 Daemon Server] - 2025-10-08T13:46:52.272Z - Time taken for 'build-project-configs' 21.710499999999996ms
Time for 'build typescript dependencies' 18.432249999999982
[NX v21.6.3 Daemon Server] - 2025-10-08T13:46:52.344Z - Wrote project graph cache to /Users/jphiri/Documents/shuajay/youth/youth-reg-portal/.nx/workspace-data/project-graph.json
[NX v21.6.3 Daemon Server] - 2025-10-08T13:46:52.344Z - [SYNC]: collect registered sync generators
[NX v21.6.3 Daemon Server] - 2025-10-08T13:46:52.345Z - [REQUEST]: Responding to the client. project-graph
[NX v21.6.3 Daemon Server] - 2025-10-08T13:46:52.345Z - Time taken for 'total for creating and serializing project graph' 232.255334ms
[NX v21.6.3 Daemon Server] - 2025-10-08T13:46:52.347Z - Done responding to the client project-graph
[NX v21.6.3 Daemon Server] - 2025-10-08T13:46:52.347Z - Handled REQUEST_PROJECT_GRAPH. Handling time: 232. Response time: 3.
[NX v21.6.3 Daemon Server] - 2025-10-08T13:46:52.351Z - [REQUEST]: Responding to the client. handleContextFileData
[NX v21.6.3 Daemon Server] - 2025-10-08T13:46:52.351Z - Done responding to the client handleContextFileData
[NX v21.6.3 Daemon Server] - 2025-10-08T13:46:52.351Z - Handled GET_CONTEXT_FILE_DATA. Handling time: 0. Response time: 0.
[NX v21.6.3 Daemon Server] - 2025-10-08T13:46:52.352Z - Closed a connection. Number of open connections: 0
[NX v21.6.3 Daemon Server] - 2025-10-08T13:46:52.575Z - Established a connection. Number of open connections: 1
[NX v21.6.3 Daemon Server] - 2025-10-08T13:46:52.576Z - Established a connection. Number of open connections: 2
[NX v21.6.3 Daemon Server] - 2025-10-08T13:46:52.576Z - Closed a connection. Number of open connections: 1
[NX v21.6.3 Daemon Server] - 2025-10-08T13:46:52.576Z - Established a connection. Number of open connections: 2
[NX v21.6.3 Daemon Server] - 2025-10-08T13:46:52.576Z - Closed a connection. Number of open connections: 1
[NX v21.6.3 Daemon Server] - 2025-10-08T13:46:52.577Z - [REQUEST]: Client Request for Project Graph Received
[NX v21.6.3 Daemon Server] - 2025-10-08T13:46:52.577Z - Reusing in-memory cached project graph because no files changed.
[NX v21.6.3 Daemon Server] - 2025-10-08T13:46:52.577Z - [REQUEST]: Responding to the client. project-graph
[NX v21.6.3 Daemon Server] - 2025-10-08T13:46:52.577Z - Time taken for 'total for creating and serializing project graph' 0.3117499999999609ms
[NX v21.6.3 Daemon Server] - 2025-10-08T13:46:52.582Z - Done responding to the client project-graph
[NX v21.6.3 Daemon Server] - 2025-10-08T13:46:52.582Z - Handled REQUEST_PROJECT_GRAPH. Handling time: 0. Response time: 5.
[NX v21.6.3 Daemon Server] - 2025-10-08T13:46:52.585Z - [REQUEST]: Client Request for Project Graph Received
[NX v21.6.3 Daemon Server] - 2025-10-08T13:46:52.585Z - Reusing in-memory cached project graph because no files changed.
[NX v21.6.3 Daemon Server] - 2025-10-08T13:46:52.586Z - [REQUEST]: Responding to the client. project-graph
[NX v21.6.3 Daemon Server] - 2025-10-08T13:46:52.586Z - Time taken for 'total for creating and serializing project graph' 0.346416999999974ms
[NX v21.6.3 Daemon Server] - 2025-10-08T13:46:52.587Z - Done responding to the client project-graph
[NX v21.6.3 Daemon Server] - 2025-10-08T13:46:52.587Z - Handled REQUEST_PROJECT_GRAPH. Handling time: 1. Response time: 1.
[NX v21.6.3 Daemon Server] - 2025-10-08T13:46:52.594Z - Established a connection. Number of open connections: 2
[NX v21.6.3 Daemon Server] - 2025-10-08T13:48:19.044Z - [WATCHER]: angular.json was deleted
[NX v21.6.3 Daemon Server] - 2025-10-08T13:48:19.044Z - [REQUEST]: Responding to the client. File watch changed
[NX v21.6.3 Daemon Server] - 2025-10-08T13:48:19.044Z - Done responding to the client File watch changed
[NX v21.6.3 Daemon Server] - 2025-10-08T13:48:19.045Z - Handled FILE-WATCH-CHANGED. Handling time: 0. Response time: 1.
[NX v21.6.3 Daemon Server] - 2025-10-08T13:48:19.045Z - [WATCHER]: Processing file changes in outputs
[NX v21.6.3 Daemon Server] - 2025-10-08T13:48:19.045Z - Time taken for 'changed-projects' 0.05854199999885168ms
[NX v21.6.3 Daemon Server] - 2025-10-08T13:48:19.145Z - [REQUEST]: Updated workspace context based on watched changes, recomputing project graph...
[NX v21.6.3 Daemon Server] - 2025-10-08T13:48:19.145Z - [REQUEST]: 
[NX v21.6.3 Daemon Server] - 2025-10-08T13:48:19.145Z - [REQUEST]: angular.json
[NX v21.6.3 Daemon Server] - 2025-10-08T13:48:19.148Z - Time taken for 'hash changed files from watcher' 0.06012499998905696ms
Time for 'nx/core/project-json:createNodes' 0.5182500000082655
Time for 'nx-angular-json-plugin:createNodes' 0.2697909999988042
Time for 'nx/core/package-json:createNodes' 1.2193330000009155
Time for 'nx/js/dependencies-and-lockfile:createNodes' 5.795249999995576
[NX v21.6.3 Daemon Server] - 2025-10-08T13:48:19.166Z - Time taken for 'build-project-configs' 13.445707999999286ms
Time for 'build typescript dependencies' 0.02508300000044983
[NX v21.6.3 Daemon Server] - 2025-10-08T13:48:19.188Z - Wrote project graph cache to /Users/jphiri/Documents/shuajay/youth/youth-reg-portal/.nx/workspace-data/project-graph.json with errors
[NX v21.6.3 Daemon Server] - 2025-10-08T13:48:19.188Z - Time taken for 'total execution time for createProjectGraph()' 21.3355409999931ms
[NX v21.6.3 Daemon Server] - 2025-10-08T13:48:30.050Z - Established a connection. Number of open connections: 3
[NX v21.6.3 Daemon Server] - 2025-10-08T13:48:30.052Z - [REQUEST]: Client Request for Project Graph Received
[NX v21.6.3 Daemon Server] - 2025-10-08T13:48:30.052Z - Reusing in-memory cached project graph because no files changed.
[NX v21.6.3 Daemon Server] - 2025-10-08T13:48:30.052Z - [REQUEST]: Responding to the client with an error. Error when preparing serialized project graph. Failed to process project graph.
     - Error: ENOENT: no such file or directory, open '/Users/jphiri/Documents/shuajay/youth/youth-reg-portal/angular.json'
      at readFileSync (node:fs:441:20)
      at readJsonFile (/Users/jphiri/Documents/shuajay/youth/youth-reg-portal/node_modules/nx/src/utils/fileutils.js:27:48)
      at readAngularJson (/Users/jphiri/Documents/shuajay/youth/youth-reg-portal/node_modules/nx/src/adapter/angular-json.js:58:53)
      at exports.NxAngularJsonPlugin.createNodesV2 (/Users/jphiri/Documents/shuajay/youth/youth-reg-portal/node_modules/nx/src/adapter/angular-json.js:27:31)
      at LoadedNxPlugin.createNodes (/Users/jphiri/Documents/shuajay/youth/youth-reg-portal/node_modules/nx/src/project-graph/plugins/loaded-nx-plugin.js:22:65)
      at LoadedNxPlugin.createNodes.<computed> (/Users/jphiri/Documents/shuajay/youth/youth-reg-portal/node_modules/nx/src/project-graph/plugins/loaded-nx-plugin.js:32:34)
      at createNodes (/Users/jphiri/Documents/shuajay/youth/youth-reg-portal/node_modules/nx/src/project-graph/plugins/isolation/plugin-worker.js:76:63)
      at consumeMessage (/Users/jphiri/Documents/shuajay/youth/youth-reg-portal/node_modules/nx/src/project-graph/plugins/isolation/messaging.js:42:32)
      at /Users/jphiri/Documents/shuajay/youth/youth-reg-portal/node_modules/nx/src/project-graph/plugins/isolation/plugin-worker.js:34:47
      at Socket.<anonymous> (/Users/jphiri/Documents/shuajay/youth/youth-reg-portal/node_modules/nx/src/utils/consume-messages-from-socket.js:13:17)
      Error: ENOENT: no such file or directory, open '/Users/jphiri/Documents/shuajay/youth/youth-reg-portal/angular.json'
          at readFileSync (node:fs:441:20)
          at readJsonFile (/Users/jphiri/Documents/shuajay/youth/youth-reg-portal/node_modules/nx/src/utils/fileutils.js:27:48)
          at readAngularJson (/Users/jphiri/Documents/shuajay/youth/youth-reg-portal/node_modules/nx/src/adapter/angular-json.js:58:53)
          at exports.NxAngularJsonPlugin.createNodesV2 (/Users/jphiri/Documents/shuajay/youth/youth-reg-portal/node_modules/nx/src/adapter/angular-json.js:27:31)
          at LoadedNxPlugin.createNodes (/Users/jphiri/Documents/shuajay/youth/youth-reg-portal/node_modules/nx/src/project-graph/plugins/loaded-nx-plugin.js:22:65)
          at LoadedNxPlugin.createNodes.<computed> (/Users/jphiri/Documents/shuajay/youth/youth-reg-portal/node_modules/nx/src/project-graph/plugins/loaded-nx-plugin.js:32:34)
          at createNodes (/Users/jphiri/Documents/shuajay/youth/youth-reg-portal/node_modules/nx/src/project-graph/plugins/isolation/plugin-worker.js:76:63)
          at consumeMessage (/Users/jphiri/Documents/shuajay/youth/youth-reg-portal/node_modules/nx/src/project-graph/plugins/isolation/messaging.js:42:32)
          at /Users/jphiri/Documents/shuajay/youth/youth-reg-portal/node_modules/nx/src/project-graph/plugins/isolation/plugin-worker.js:34:47
          at Socket.<anonymous> (/Users/jphiri/Documents/shuajay/youth/youth-reg-portal/node_modules/nx/src/utils/consume-messages-from-socket.js:13:17)
[NX v21.6.3 Daemon Server] - 2025-10-08T13:48:30.055Z - Closed a connection. Number of open connections: 2
[NX v21.6.3 Daemon Server] - 2025-10-08T13:48:30.057Z - Done responding to the client null
[NX v21.6.3 Daemon Server] - 2025-10-08T13:48:30.057Z - Handled REQUEST_PROJECT_GRAPH. Handling time: 0. Response time: 5.
[NX v21.6.3 Daemon Server] - 2025-10-08T13:48:30.060Z - [REQUEST]: Responding to the client. handleContextFileData
[NX v21.6.3 Daemon Server] - 2025-10-08T13:48:30.060Z - Done responding to the client handleContextFileData
[NX v21.6.3 Daemon Server] - 2025-10-08T13:48:30.060Z - Handled GET_CONTEXT_FILE_DATA. Handling time: 0. Response time: 0.
[NX v21.6.3 Daemon Server] - 2025-10-08T13:48:30.061Z - Closed a connection. Number of open connections: 1
[NX v21.6.3 Daemon Server] - 2025-10-08T13:48:30.123Z - Closed a connection. Number of open connections: 0
[NX v21.6.3 Daemon Server] - 2025-10-08T13:48:30.124Z - Established a connection. Number of open connections: 1
[NX v21.6.3 Daemon Server] - 2025-10-08T13:48:30.124Z - Established a connection. Number of open connections: 2
[NX v21.6.3 Daemon Server] - 2025-10-08T13:48:30.125Z - Closed a connection. Number of open connections: 1
[NX v21.6.3 Daemon Server] - 2025-10-08T13:48:30.125Z - Established a connection. Number of open connections: 2
[NX v21.6.3 Daemon Server] - 2025-10-08T13:48:30.125Z - Closed a connection. Number of open connections: 1
[NX v21.6.3 Daemon Server] - 2025-10-08T13:48:30.126Z - [REQUEST]: Client Request for Project Graph Received
[NX v21.6.3 Daemon Server] - 2025-10-08T13:48:30.126Z - Reusing in-memory cached project graph because no files changed.
[NX v21.6.3 Daemon Server] - 2025-10-08T13:48:30.126Z - [REQUEST]: Responding to the client with an error. Error when preparing serialized project graph. Failed to process project graph.
     - Error: ENOENT: no such file or directory, open '/Users/jphiri/Documents/shuajay/youth/youth-reg-portal/angular.json'
      at readFileSync (node:fs:441:20)
      at readJsonFile (/Users/jphiri/Documents/shuajay/youth/youth-reg-portal/node_modules/nx/src/utils/fileutils.js:27:48)
      at readAngularJson (/Users/jphiri/Documents/shuajay/youth/youth-reg-portal/node_modules/nx/src/adapter/angular-json.js:58:53)
      at exports.NxAngularJsonPlugin.createNodesV2 (/Users/jphiri/Documents/shuajay/youth/youth-reg-portal/node_modules/nx/src/adapter/angular-json.js:27:31)
      at LoadedNxPlugin.createNodes (/Users/jphiri/Documents/shuajay/youth/youth-reg-portal/node_modules/nx/src/project-graph/plugins/loaded-nx-plugin.js:22:65)
      at LoadedNxPlugin.createNodes.<computed> (/Users/jphiri/Documents/shuajay/youth/youth-reg-portal/node_modules/nx/src/project-graph/plugins/loaded-nx-plugin.js:32:34)
      at createNodes (/Users/jphiri/Documents/shuajay/youth/youth-reg-portal/node_modules/nx/src/project-graph/plugins/isolation/plugin-worker.js:76:63)
      at consumeMessage (/Users/jphiri/Documents/shuajay/youth/youth-reg-portal/node_modules/nx/src/project-graph/plugins/isolation/messaging.js:42:32)
      at /Users/jphiri/Documents/shuajay/youth/youth-reg-portal/node_modules/nx/src/project-graph/plugins/isolation/plugin-worker.js:34:47
      at Socket.<anonymous> (/Users/jphiri/Documents/shuajay/youth/youth-reg-portal/node_modules/nx/src/utils/consume-messages-from-socket.js:13:17)
      Error: ENOENT: no such file or directory, open '/Users/jphiri/Documents/shuajay/youth/youth-reg-portal/angular.json'
          at readFileSync (node:fs:441:20)
          at readJsonFile (/Users/jphiri/Documents/shuajay/youth/youth-reg-portal/node_modules/nx/src/utils/fileutils.js:27:48)
          at readAngularJson (/Users/jphiri/Documents/shuajay/youth/youth-reg-portal/node_modules/nx/src/adapter/angular-json.js:58:53)
          at exports.NxAngularJsonPlugin.createNodesV2 (/Users/jphiri/Documents/shuajay/youth/youth-reg-portal/node_modules/nx/src/adapter/angular-json.js:27:31)
          at LoadedNxPlugin.createNodes (/Users/jphiri/Documents/shuajay/youth/youth-reg-portal/node_modules/nx/src/project-graph/plugins/loaded-nx-plugin.js:22:65)
          at LoadedNxPlugin.createNodes.<computed> (/Users/jphiri/Documents/shuajay/youth/youth-reg-portal/node_modules/nx/src/project-graph/plugins/loaded-nx-plugin.js:32:34)
          at createNodes (/Users/jphiri/Documents/shuajay/youth/youth-reg-portal/node_modules/nx/src/project-graph/plugins/isolation/plugin-worker.js:76:63)
          at consumeMessage (/Users/jphiri/Documents/shuajay/youth/youth-reg-portal/node_modules/nx/src/project-graph/plugins/isolation/messaging.js:42:32)
          at /Users/jphiri/Documents/shuajay/youth/youth-reg-portal/node_modules/nx/src/project-graph/plugins/isolation/plugin-worker.js:34:47
          at Socket.<anonymous> (/Users/jphiri/Documents/shuajay/youth/youth-reg-portal/node_modules/nx/src/utils/consume-messages-from-socket.js:13:17)
[NX v21.6.3 Daemon Server] - 2025-10-08T13:48:30.131Z - Done responding to the client null
[NX v21.6.3 Daemon Server] - 2025-10-08T13:48:30.131Z - Handled REQUEST_PROJECT_GRAPH. Handling time: 0. Response time: 5.
[NX v21.6.3 Daemon Server] - 2025-10-08T13:48:30.135Z - [REQUEST]: Client Request for Project Graph Received
[NX v21.6.3 Daemon Server] - 2025-10-08T13:48:30.135Z - Reusing in-memory cached project graph because no files changed.
[NX v21.6.3 Daemon Server] - 2025-10-08T13:48:30.135Z - [REQUEST]: Responding to the client with an error. Error when preparing serialized project graph. Failed to process project graph.
     - Error: ENOENT: no such file or directory, open '/Users/jphiri/Documents/shuajay/youth/youth-reg-portal/angular.json'
      at readFileSync (node:fs:441:20)
      at readJsonFile (/Users/jphiri/Documents/shuajay/youth/youth-reg-portal/node_modules/nx/src/utils/fileutils.js:27:48)
      at readAngularJson (/Users/jphiri/Documents/shuajay/youth/youth-reg-portal/node_modules/nx/src/adapter/angular-json.js:58:53)
      at exports.NxAngularJsonPlugin.createNodesV2 (/Users/jphiri/Documents/shuajay/youth/youth-reg-portal/node_modules/nx/src/adapter/angular-json.js:27:31)
      at LoadedNxPlugin.createNodes (/Users/jphiri/Documents/shuajay/youth/youth-reg-portal/node_modules/nx/src/project-graph/plugins/loaded-nx-plugin.js:22:65)
      at LoadedNxPlugin.createNodes.<computed> (/Users/jphiri/Documents/shuajay/youth/youth-reg-portal/node_modules/nx/src/project-graph/plugins/loaded-nx-plugin.js:32:34)
      at createNodes (/Users/jphiri/Documents/shuajay/youth/youth-reg-portal/node_modules/nx/src/project-graph/plugins/isolation/plugin-worker.js:76:63)
      at consumeMessage (/Users/jphiri/Documents/shuajay/youth/youth-reg-portal/node_modules/nx/src/project-graph/plugins/isolation/messaging.js:42:32)
      at /Users/jphiri/Documents/shuajay/youth/youth-reg-portal/node_modules/nx/src/project-graph/plugins/isolation/plugin-worker.js:34:47
      at Socket.<anonymous> (/Users/jphiri/Documents/shuajay/youth/youth-reg-portal/node_modules/nx/src/utils/consume-messages-from-socket.js:13:17)
      Error: ENOENT: no such file or directory, open '/Users/jphiri/Documents/shuajay/youth/youth-reg-portal/angular.json'
          at readFileSync (node:fs:441:20)
          at readJsonFile (/Users/jphiri/Documents/shuajay/youth/youth-reg-portal/node_modules/nx/src/utils/fileutils.js:27:48)
          at readAngularJson (/Users/jphiri/Documents/shuajay/youth/youth-reg-portal/node_modules/nx/src/adapter/angular-json.js:58:53)
          at exports.NxAngularJsonPlugin.createNodesV2 (/Users/jphiri/Documents/shuajay/youth/youth-reg-portal/node_modules/nx/src/adapter/angular-json.js:27:31)
          at LoadedNxPlugin.createNodes (/Users/jphiri/Documents/shuajay/youth/youth-reg-portal/node_modules/nx/src/project-graph/plugins/loaded-nx-plugin.js:22:65)
          at LoadedNxPlugin.createNodes.<computed> (/Users/jphiri/Documents/shuajay/youth/youth-reg-portal/node_modules/nx/src/project-graph/plugins/loaded-nx-plugin.js:32:34)
          at createNodes (/Users/jphiri/Documents/shuajay/youth/youth-reg-portal/node_modules/nx/src/project-graph/plugins/isolation/plugin-worker.js:76:63)
          at consumeMessage (/Users/jphiri/Documents/shuajay/youth/youth-reg-portal/node_modules/nx/src/project-graph/plugins/isolation/messaging.js:42:32)
          at /Users/jphiri/Documents/shuajay/youth/youth-reg-portal/node_modules/nx/src/project-graph/plugins/isolation/plugin-worker.js:34:47
          at Socket.<anonymous> (/Users/jphiri/Documents/shuajay/youth/youth-reg-portal/node_modules/nx/src/utils/consume-messages-from-socket.js:13:17)
[NX v21.6.3 Daemon Server] - 2025-10-08T13:48:30.138Z - Done responding to the client null
[NX v21.6.3 Daemon Server] - 2025-10-08T13:48:30.138Z - Handled REQUEST_PROJECT_GRAPH. Handling time: 0. Response time: 3.
[NX v21.6.3 Daemon Server] - 2025-10-08T13:48:30.141Z - Established a connection. Number of open connections: 2
[NX v21.6.3 Daemon Server] - 2025-10-08T13:50:24.827Z - [WATCHER]: Processing file changes in outputs
[NX v21.6.3 Daemon Server] - 2025-10-08T13:50:24.828Z - Closed a connection. Number of open connections: 1
[NX v21.6.3 Daemon Server] - 2025-10-08T13:50:24.828Z - Closed a connection. Number of open connections: 0
[NX v21.6.3 Daemon Server] - 2025-10-08T13:50:24.828Z - [WATCHER]: Stopping the watcher for /Users/jphiri/Documents/shuajay/youth/youth-reg-portal (sources)
[NX v21.6.3 Daemon Server] - 2025-10-08T13:50:24.828Z - [WATCHER]: Stopping the watcher for /Users/jphiri/Documents/shuajay/youth/youth-reg-portal (outputs)
[NX v21.6.3 Daemon Server] - 2025-10-08T13:50:24.828Z - Server stopped because: "LOCK_FILES_CHANGED"
[NX v21.6.3 Daemon Server] - 2025-10-08T13:56:16.894Z - Started listening on: /private/var/folders/ls/m4xh_nm91fsg0fc91ptgdb6r0000gp/T/7a97d46b678c652c75d7/d.sock
[NX v21.6.3 Daemon Server] - 2025-10-08T13:56:16.895Z - [WATCHER]: Subscribed to changes within: /Users/jphiri/Documents/shuajay/youth/youth-reg-portal (native)
[NX v21.6.3 Daemon Server] - 2025-10-08T13:56:16.896Z - Established a connection. Number of open connections: 1
[NX v21.6.3 Daemon Server] - 2025-10-08T13:56:16.897Z - Closed a connection. Number of open connections: 0
[NX v21.6.3 Daemon Server] - 2025-10-08T13:56:16.912Z - Established a connection. Number of open connections: 1
[NX v21.6.3 Daemon Server] - 2025-10-08T13:56:16.912Z - Established a connection. Number of open connections: 2
[NX v21.6.3 Daemon Server] - 2025-10-08T13:56:16.913Z - Closed a connection. Number of open connections: 1
[NX v21.6.3 Daemon Server] - 2025-10-08T13:56:16.913Z - [REQUEST]: Client Request for Project Graph Received
[NX v21.6.3 Daemon Server] - 2025-10-08T13:56:16.916Z - Time taken for 'loadSpecifiedNxPlugins' 0.4667080000000112ms
Time for 'plugin worker 14569 code loading' 2.0420409999999993
Time for 'plugin worker 14571 code loading' 1.9262499999999996
Time for 'plugin worker 14570 code loading' 1.9179999999999993
[NX v21.6.3 Daemon Server] - 2025-10-08T13:56:16.957Z - [WATCHER]: Processing file changes in outputs
[NX v21.6.3 Daemon Server] - 2025-10-08T13:56:17.014Z - Time taken for 'Load Nx Plugin: /Users/jphiri/Documents/shuajay/youth/youth-reg-portal/node_modules/nx/src/plugins/package-json' 99.84858399999999ms
[NX v21.6.3 Daemon Server] - 2025-10-08T13:56:17.020Z - Time taken for 'Load Nx Plugin: /Users/jphiri/Documents/shuajay/youth/youth-reg-portal/node_modules/nx/src/plugins/project-json/build-nodes/project-json' 106.18908300000001ms
[NX v21.6.3 Daemon Server] - 2025-10-08T13:56:17.028Z - [REQUEST]: Updated workspace context based on watched changes, recomputing project graph...
[NX v21.6.3 Daemon Server] - 2025-10-08T13:56:17.028Z - [REQUEST]: 
[NX v21.6.3 Daemon Server] - 2025-10-08T13:56:17.028Z - [REQUEST]: 
[NX v21.6.3 Daemon Server] - 2025-10-08T13:56:17.029Z - No files changed, but no in-memory cached project graph found. Recomputing it...
[NX v21.6.3 Daemon Server] - 2025-10-08T13:56:17.032Z - Time taken for 'loadDefaultNxPlugins' 113.57041699999999ms
Time for 'nx/core/project-json:createNodes' 0.44233399999998824
Time for 'nx/core/package-json:createNodes' 1.8923750000000013
Time for 'nx/js/dependencies-and-lockfile:createNodes' 10.325833000000003
[NX v21.6.3 Daemon Server] - 2025-10-08T13:56:17.059Z - Time taken for 'build-project-configs' 19.27887499999997ms
Time for 'build typescript dependencies' 7.594875000000002
[NX v21.6.3 Daemon Server] - 2025-10-08T13:56:17.101Z - Wrote project graph cache to /Users/jphiri/Documents/shuajay/youth/youth-reg-portal/.nx/workspace-data/project-graph.json
[NX v21.6.3 Daemon Server] - 2025-10-08T13:56:17.101Z - [SYNC]: collect registered sync generators
[NX v21.6.3 Daemon Server] - 2025-10-08T13:56:17.102Z - [REQUEST]: Responding to the client. project-graph
[NX v21.6.3 Daemon Server] - 2025-10-08T13:56:17.102Z - Time taken for 'total for creating and serializing project graph' 188.29845799999998ms
[NX v21.6.3 Daemon Server] - 2025-10-08T13:56:17.104Z - Done responding to the client project-graph
[NX v21.6.3 Daemon Server] - 2025-10-08T13:56:17.104Z - Handled REQUEST_PROJECT_GRAPH. Handling time: 189. Response time: 2.
[NX v21.6.3 Daemon Server] - 2025-10-08T13:56:17.106Z - [REQUEST]: Responding to the client. handleContextFileData
[NX v21.6.3 Daemon Server] - 2025-10-08T13:56:17.106Z - Done responding to the client handleContextFileData
[NX v21.6.3 Daemon Server] - 2025-10-08T13:56:17.106Z - Handled GET_CONTEXT_FILE_DATA. Handling time: 0. Response time: 0.
[NX v21.6.3 Daemon Server] - 2025-10-08T13:56:17.106Z - Closed a connection. Number of open connections: 0
[NX v21.6.3 Daemon Server] - 2025-10-08T13:56:17.155Z - Established a connection. Number of open connections: 1
[NX v21.6.3 Daemon Server] - 2025-10-08T13:56:17.156Z - Established a connection. Number of open connections: 2
[NX v21.6.3 Daemon Server] - 2025-10-08T13:56:17.156Z - Closed a connection. Number of open connections: 1
[NX v21.6.3 Daemon Server] - 2025-10-08T13:56:17.156Z - Established a connection. Number of open connections: 2
[NX v21.6.3 Daemon Server] - 2025-10-08T13:56:17.156Z - Closed a connection. Number of open connections: 1
[NX v21.6.3 Daemon Server] - 2025-10-08T13:56:17.157Z - [REQUEST]: Client Request for Project Graph Received
[NX v21.6.3 Daemon Server] - 2025-10-08T13:56:17.157Z - Reusing in-memory cached project graph because no files changed.
[NX v21.6.3 Daemon Server] - 2025-10-08T13:56:17.157Z - [REQUEST]: Responding to the client. project-graph
[NX v21.6.3 Daemon Server] - 2025-10-08T13:56:17.157Z - Time taken for 'total for creating and serializing project graph' 0.323833000000036ms
[NX v21.6.3 Daemon Server] - 2025-10-08T13:56:17.159Z - Done responding to the client project-graph
[NX v21.6.3 Daemon Server] - 2025-10-08T13:56:17.159Z - Handled REQUEST_PROJECT_GRAPH. Handling time: 0. Response time: 2.
[NX v21.6.3 Daemon Server] - 2025-10-08T13:56:17.162Z - [REQUEST]: Client Request for Project Graph Received
[NX v21.6.3 Daemon Server] - 2025-10-08T13:56:17.162Z - Reusing in-memory cached project graph because no files changed.
[NX v21.6.3 Daemon Server] - 2025-10-08T13:56:17.162Z - [REQUEST]: Responding to the client. project-graph
[NX v21.6.3 Daemon Server] - 2025-10-08T13:56:17.162Z - Time taken for 'total for creating and serializing project graph' 0.1536670000000413ms
[NX v21.6.3 Daemon Server] - 2025-10-08T13:56:17.163Z - Done responding to the client project-graph
[NX v21.6.3 Daemon Server] - 2025-10-08T13:56:17.163Z - Handled REQUEST_PROJECT_GRAPH. Handling time: 0. Response time: 1.
[NX v21.6.3 Daemon Server] - 2025-10-08T13:56:17.165Z - Established a connection. Number of open connections: 2
[NX v21.6.3 Daemon Server] - 2025-10-08T13:58:12.578Z - Closed a connection. Number of open connections: 1
[NX v21.6.3 Daemon Server] - 2025-10-08T13:58:14.444Z - Established a connection. Number of open connections: 2
[NX v21.6.3 Daemon Server] - 2025-10-08T13:58:14.444Z - Closed a connection. Number of open connections: 1
[NX v21.6.3 Daemon Server] - 2025-10-08T13:58:14.444Z - Established a connection. Number of open connections: 2
[NX v21.6.3 Daemon Server] - 2025-10-08T13:58:14.445Z - Established a connection. Number of open connections: 3
[NX v21.6.3 Daemon Server] - 2025-10-08T13:58:14.445Z - Closed a connection. Number of open connections: 2
[NX v21.6.3 Daemon Server] - 2025-10-08T13:58:14.446Z - [REQUEST]: Client Request for Project Graph Received
[NX v21.6.3 Daemon Server] - 2025-10-08T13:58:14.446Z - Reusing in-memory cached project graph because no files changed.
[NX v21.6.3 Daemon Server] - 2025-10-08T13:58:14.446Z - [REQUEST]: Responding to the client. project-graph
[NX v21.6.3 Daemon Server] - 2025-10-08T13:58:14.446Z - Time taken for 'total for creating and serializing project graph' 0.17812500000582077ms
[NX v21.6.3 Daemon Server] - 2025-10-08T13:58:14.447Z - Done responding to the client project-graph
[NX v21.6.3 Daemon Server] - 2025-10-08T13:58:14.447Z - Handled REQUEST_PROJECT_GRAPH. Handling time: 0. Response time: 1.
[NX v21.6.3 Daemon Server] - 2025-10-08T13:58:14.449Z - [REQUEST]: Responding to the client. handleContextFileData
[NX v21.6.3 Daemon Server] - 2025-10-08T13:58:14.449Z - Done responding to the client handleContextFileData
[NX v21.6.3 Daemon Server] - 2025-10-08T13:58:14.449Z - Handled GET_CONTEXT_FILE_DATA. Handling time: 0. Response time: 0.
[NX v21.6.3 Daemon Server] - 2025-10-08T13:58:14.450Z - Closed a connection. Number of open connections: 1
[NX v21.6.3 Daemon Server] - 2025-10-08T13:58:14.602Z - Established a connection. Number of open connections: 2
[NX v21.6.3 Daemon Server] - 2025-10-08T13:58:14.602Z - Established a connection. Number of open connections: 3
[NX v21.6.3 Daemon Server] - 2025-10-08T13:58:14.603Z - Closed a connection. Number of open connections: 2
[NX v21.6.3 Daemon Server] - 2025-10-08T13:58:14.603Z - Established a connection. Number of open connections: 3
[NX v21.6.3 Daemon Server] - 2025-10-08T13:58:14.604Z - Closed a connection. Number of open connections: 2
[NX v21.6.3 Daemon Server] - 2025-10-08T13:58:14.609Z - [REQUEST]: Client Request for Project Graph Received
[NX v21.6.3 Daemon Server] - 2025-10-08T13:58:14.610Z - Reusing in-memory cached project graph because no files changed.
[NX v21.6.3 Daemon Server] - 2025-10-08T13:58:14.610Z - [REQUEST]: Responding to the client. project-graph
[NX v21.6.3 Daemon Server] - 2025-10-08T13:58:14.614Z - Time taken for 'total for creating and serializing project graph' 0.2727500000037253ms
[NX v21.6.3 Daemon Server] - 2025-10-08T13:58:14.641Z - Done responding to the client project-graph
[NX v21.6.3 Daemon Server] - 2025-10-08T13:58:14.642Z - Handled REQUEST_PROJECT_GRAPH. Handling time: 1. Response time: 32.
[NX v21.6.3 Daemon Server] - 2025-10-08T13:58:14.645Z - [REQUEST]: Client Request for Project Graph Received
[NX v21.6.3 Daemon Server] - 2025-10-08T13:58:14.646Z - Reusing in-memory cached project graph because no files changed.
[NX v21.6.3 Daemon Server] - 2025-10-08T13:58:14.646Z - [REQUEST]: Responding to the client. project-graph
[NX v21.6.3 Daemon Server] - 2025-10-08T13:58:14.647Z - Time taken for 'total for creating and serializing project graph' 0.18479200000001583ms
[NX v21.6.3 Daemon Server] - 2025-10-08T13:58:14.718Z - Done responding to the client project-graph
[NX v21.6.3 Daemon Server] - 2025-10-08T13:58:14.718Z - Handled REQUEST_PROJECT_GRAPH. Handling time: 1. Response time: 72.
[NX v21.6.3 Daemon Server] - 2025-10-08T13:58:14.720Z - Established a connection. Number of open connections: 3
[NX v21.6.3 Daemon Server] - 2025-10-08T13:58:59.344Z - Established a connection. Number of open connections: 4
[NX v21.6.3 Daemon Server] - 2025-10-08T13:58:59.346Z - Closed a connection. Number of open connections: 3
[NX v21.6.3 Daemon Server] - 2025-10-08T13:58:59.346Z - Established a connection. Number of open connections: 4
[NX v21.6.3 Daemon Server] - 2025-10-08T13:58:59.347Z - [REQUEST]: Client Request for Project Graph Received
[NX v21.6.3 Daemon Server] - 2025-10-08T13:58:59.347Z - Reusing in-memory cached project graph because no files changed.
[NX v21.6.3 Daemon Server] - 2025-10-08T13:58:59.347Z - [REQUEST]: Responding to the client. project-graph
[NX v21.6.3 Daemon Server] - 2025-10-08T13:58:59.347Z - Time taken for 'total for creating and serializing project graph' 0.16091700000106357ms
[NX v21.6.3 Daemon Server] - 2025-10-08T13:58:59.352Z - Done responding to the client project-graph
[NX v21.6.3 Daemon Server] - 2025-10-08T13:58:59.352Z - Handled REQUEST_PROJECT_GRAPH. Handling time: 0. Response time: 5.
[NX v21.6.3 Daemon Server] - 2025-10-08T13:58:59.357Z - [REQUEST]: Responding to the client. handleRunPreTasksExecution
[NX v21.6.3 Daemon Server] - 2025-10-08T13:58:59.357Z - Done responding to the client handleRunPreTasksExecution
[NX v21.6.3 Daemon Server] - 2025-10-08T13:58:59.357Z - Handled PRE_TASKS_EXECUTION. Handling time: 0. Response time: 0.
[NX v21.6.3 Daemon Server] - 2025-10-08T13:58:59.357Z - Time taken for 'preTasksExecution' 0.4059580000175629ms
[NX v21.6.3 Daemon Server] - 2025-10-08T13:58:59.432Z - Reusing in-memory cached project graph because no files changed.
DEBUG nx::native::tasks::hash_planner: get_plans_internal COMPLETED in 2.659875ms - processed 1 tasks (setup: 1.435459ms, parallel_planning: 1.221459ms)
DEBUG nx::native::tasks::hashers::hash_workspace_files: Hashing workspace fileset{cache_key="nx.json,.gitignore,.nxignore"}: Adding "17662118445199466776" (".gitignore") to hash
DEBUG nx::native::tasks::hashers::hash_workspace_files: Hashing workspace fileset{cache_key="nx.json,.gitignore,.nxignore"}: Adding "2297567833534322169" ("nx.json") to hash
DEBUG nx::native::tasks::hashers::hash_workspace_files: Hashing workspace fileset{cache_key="nx.json,.gitignore,.nxignore"}: Hash Value: "9464592908966703316"
DEBUG nx::native::tasks::task_hasher: hash_plans COMPLETED in 3.956125ms - processed 1 plans (setup: 278.958µs, hashing: 3.67575ms, assembly: 1.492792ms)
[NX v21.6.3 Daemon Server] - 2025-10-08T13:58:59.448Z - [REQUEST]: Responding to the client. handleHashTasks
[NX v21.6.3 Daemon Server] - 2025-10-08T13:58:59.449Z - Done responding to the client handleHashTasks
[NX v21.6.3 Daemon Server] - 2025-10-08T13:58:59.449Z - Handled HASH_TASKS. Handling time: 17. Response time: 1.
[NX v21.6.3 Daemon Server] - 2025-10-08T13:59:03.003Z - [REQUEST]: Responding to the client. handleGetEstimatedTaskTimings
[NX v21.6.3 Daemon Server] - 2025-10-08T13:59:03.003Z - Done responding to the client handleGetEstimatedTaskTimings
[NX v21.6.3 Daemon Server] - 2025-10-08T13:59:03.003Z - Handled GET_ESTIMATED_TASK_TIMINGS. Handling time: 30. Response time: 0.
[NX v21.6.3 Daemon Server] - 2025-10-08T13:59:03.549Z - Established a connection. Number of open connections: 5
[NX v21.6.3 Daemon Server] - 2025-10-08T13:59:03.551Z - Closed a connection. Number of open connections: 4
[NX v21.6.3 Daemon Server] - 2025-10-08T13:59:03.552Z - Established a connection. Number of open connections: 5
[NX v21.6.3 Daemon Server] - 2025-10-08T13:59:03.553Z - [REQUEST]: Client Request for Project Graph Received
[NX v21.6.3 Daemon Server] - 2025-10-08T13:59:03.553Z - Reusing in-memory cached project graph because no files changed.
[NX v21.6.3 Daemon Server] - 2025-10-08T13:59:03.553Z - [REQUEST]: Responding to the client. project-graph
[NX v21.6.3 Daemon Server] - 2025-10-08T13:59:03.554Z - Time taken for 'total for creating and serializing project graph' 0.360791999992216ms
[NX v21.6.3 Daemon Server] - 2025-10-08T13:59:03.556Z - Done responding to the client project-graph
[NX v21.6.3 Daemon Server] - 2025-10-08T13:59:03.556Z - Handled REQUEST_PROJECT_GRAPH. Handling time: 0. Response time: 3.
[NX v21.6.3 Daemon Server] - 2025-10-08T13:59:05.908Z - [WATCHER]: Processing file changes in outputs
[NX v21.6.3 Daemon Server] - 2025-10-08T13:59:06.225Z - [WATCHER]: Processing file changes in outputs
[NX v21.6.3 Daemon Server] - 2025-10-08T13:59:07.645Z - [WATCHER]: Processing file changes in outputs
[NX v21.6.3 Daemon Server] - 2025-10-08T13:59:07.708Z - [WATCHER]: Processing file changes in outputs
[NX v21.6.3 Daemon Server] - 2025-10-08T14:01:12.791Z - [REQUEST]: Responding to the client. recordOutputsHash
[NX v21.6.3 Daemon Server] - 2025-10-08T14:01:12.792Z - Done responding to the client recordOutputsHash
[NX v21.6.3 Daemon Server] - 2025-10-08T14:01:12.792Z - Handled RECORD_OUTPUTS_HASH. Handling time: 0. Response time: 1.
[NX v21.6.3 Daemon Server] - 2025-10-08T14:01:12.796Z - [REQUEST]: Responding to the client. handleRecordTaskRuns
[NX v21.6.3 Daemon Server] - 2025-10-08T14:01:12.797Z - Done responding to the client handleRecordTaskRuns
[NX v21.6.3 Daemon Server] - 2025-10-08T14:01:12.797Z - Handled RECORD_TASK_RUNS. Handling time: 0. Response time: 1.
[NX v21.6.3 Daemon Server] - 2025-10-08T14:01:12.798Z - [REQUEST]: Responding to the client. handleGetFlakyTasks
[NX v21.6.3 Daemon Server] - 2025-10-08T14:01:12.798Z - Done responding to the client handleGetFlakyTasks
[NX v21.6.3 Daemon Server] - 2025-10-08T14:01:12.798Z - Handled GET_FLAKY_TASKS. Handling time: 0. Response time: 0.
[NX v21.6.3 Daemon Server] - 2025-10-08T14:01:12.847Z - Closed a connection. Number of open connections: 4
Was not able to require.resolve module nx/src/utils/app-root from the following paths: /Users/jphiri/Documents/shuajay/youth/youth-reg-portal/node_modules/nx/node_modules,/Users/jphiri/Documents/shuajay/youth/youth-reg-portal/node_modules. This may be expected.
Was not able to require.resolve module nx/src/utils/app-root from the following paths: /Users/jphiri/Documents/shuajay/youth/youth-reg-portal/node_modules/nx/node_modules,/Users/jphiri/Documents/shuajay/youth/youth-reg-portal/node_modules. This may be expected.
[NX v21.6.3 Daemon Server] - 2025-10-08T14:01:12.996Z - [REQUEST]: Responding to the client. PROCESS_IN_BACKGROUND
[NX v21.6.3 Daemon Server] - 2025-10-08T14:01:12.996Z - Done responding to the client PROCESS_IN_BACKGROUND
[NX v21.6.3 Daemon Server] - 2025-10-08T14:01:12.996Z - Handled PROCESS_IN_BACKGROUND. Handling time: 129. Response time: 0.
[NX v21.6.3 Daemon Server] - 2025-10-08T14:01:12.996Z - Uploading file artifacts
[NX v21.6.3 Daemon Server] - 2025-10-08T14:01:12.996Z - Done uploading file artifacts
[NX v21.6.3 Daemon Server] - 2025-10-08T14:01:12.997Z - Sending EndRun request
[Nx Cloud Debug] Attempting to acquire filesystem lock with path:  /var/folders/ls/m4xh_nm91fsg0fc91ptgdb6r0000gp/T/client-instance-id.lock
[Nx Cloud Debug] Failed to create folder lock at path: /var/folders/ls/m4xh_nm91fsg0fc91ptgdb6r0000gp/T/client-instance-id.lock
[Nx Cloud] Unable to detect a VCS context from the environment.

 NX   RunEnd. Completed tasks


[
  "youth-reg-portal:serve:development"
]

[NX v21.6.3 Daemon Server] - 2025-10-08T14:01:13.029Z - [REQUEST]: Responding to the client. handleRunPostTasksExecution
[NX v21.6.3 Daemon Server] - 2025-10-08T14:01:13.030Z - Done responding to the client handleRunPostTasksExecution
[NX v21.6.3 Daemon Server] - 2025-10-08T14:01:13.030Z - Handled POST_TASKS_EXECUTION. Handling time: 0. Response time: 1.
[NX v21.6.3 Daemon Server] - 2025-10-08T14:01:13.030Z - Time taken for 'postTasksExecution' 0.3219169999938458ms
[NX v21.6.3 Daemon Server] - 2025-10-08T14:01:13.038Z - Closed a connection. Number of open connections: 3
RunEnd duration: 746
[NX v21.6.3 Daemon Server] - 2025-10-08T14:01:13.755Z - Done sending EndRun request
[NX v21.6.3 Daemon Server] - 2025-10-08T14:03:43.713Z - [WATCHER]: Processing file changes in outputs
[NX v21.6.3 Daemon Server] - 2025-10-08T14:03:43.713Z - Closed a connection. Number of open connections: 2
[NX v21.6.3 Daemon Server] - 2025-10-08T14:03:43.713Z - Closed a connection. Number of open connections: 1
[NX v21.6.3 Daemon Server] - 2025-10-08T14:03:43.714Z - Closed a connection. Number of open connections: 0
[NX v21.6.3 Daemon Server] - 2025-10-08T14:03:43.714Z - [WATCHER]: Stopping the watcher for /Users/jphiri/Documents/shuajay/youth/youth-reg-portal (sources)
[NX v21.6.3 Daemon Server] - 2025-10-08T14:03:43.714Z - [WATCHER]: Stopping the watcher for /Users/jphiri/Documents/shuajay/youth/youth-reg-portal (sources)
[NX v21.6.3 Daemon Server] - 2025-10-08T14:03:43.714Z - [WATCHER]: Stopping the watcher for /Users/jphiri/Documents/shuajay/youth/youth-reg-portal (outputs)
[NX v21.6.3 Daemon Server] - 2025-10-08T14:03:43.715Z - Server stopped because: "Stopping the daemon the set of ignored files changed (native)"
